1723392507.548803 client started (16517): version 3.4, socket /private/tmp/tmux-603071806/default, protocol 8
1723392507.548972 on Darwin 23.5.0 Darwin Kernel Version 23.5.0: Wed May  1 20:14:38 PDT 2024; root:xnu-10063.121.3~5/RELEASE_ARM64_T6020
1723392507.548989 using libevent 2.1.12-stable select
1723392507.549899 using utf8proc 2.9.0
1723392507.549934 using ncurses 6.5 20240427
1723392507.549966 flags are 0x10010000
1723392507.549983 socket is /private/tmp/tmux-603071806/default
1723392507.550006 trying connect
1723392507.550172 add peer 0x158028000: 6 (0x0)
1723392507.554582 sending message 100 to peer 0x158028000 (4 bytes)
1723392507.554616 sending message 111 to peer 0x158028000 (8 bytes)
1723392507.554625 sending message 101 to peer 0x158028000 (15 bytes)
1723392507.554634 sending message 109 to peer 0x158028000 (4 bytes)
1723392507.554642 sending message 102 to peer 0x158028000 (13 bytes)
1723392507.554649 sending message 108 to peer 0x158028000 (28 bytes)
1723392507.554656 sending message 112 to peer 0x158028000 (58 bytes)
1723392507.554663 sending message 112 to peer 0x158028000 (5 bytes)
1723392507.554670 sending message 112 to peer 0x158028000 (5 bytes)
1723392507.554678 sending message 112 to peer 0x158028000 (6 bytes)
1723392507.554684 sending message 112 to peer 0x158028000 (6 bytes)
1723392507.554691 sending message 112 to peer 0x158028000 (11 bytes)
1723392507.554698 sending message 112 to peer 0x158028000 (10 bytes)
1723392507.554705 sending message 112 to peer 0x158028000 (13 bytes)
1723392507.554712 sending message 112 to peer 0x158028000 (14 bytes)
1723392507.554719 sending message 112 to peer 0x158028000 (19 bytes)
1723392507.554726 sending message 112 to peer 0x158028000 (11 bytes)
1723392507.554733 sending message 112 to peer 0x158028000 (10 bytes)
1723392507.554740 sending message 112 to peer 0x158028000 (15 bytes)
1723392507.554747 sending message 112 to peer 0x158028000 (21 bytes)
1723392507.554754 sending message 112 to peer 0x158028000 (13 bytes)
1723392507.554761 sending message 112 to peer 0x158028000 (7 bytes)
1723392507.554768 sending message 112 to peer 0x158028000 (13 bytes)
1723392507.554774 sending message 112 to peer 0x158028000 (7 bytes)
1723392507.554781 sending message 112 to peer 0x158028000 (13 bytes)
1723392507.554788 sending message 112 to peer 0x158028000 (9 bytes)
1723392507.554796 sending message 112 to peer 0x158028000 (21 bytes)
1723392507.554802 sending message 112 to peer 0x158028000 (13 bytes)
1723392507.554810 sending message 112 to peer 0x158028000 (9 bytes)
1723392507.554817 sending message 112 to peer 0x158028000 (16 bytes)
1723392507.554824 sending message 112 to peer 0x158028000 (13 bytes)
1723392507.554831 sending message 112 to peer 0x158028000 (9 bytes)
1723392507.554838 sending message 112 to peer 0x158028000 (9 bytes)
1723392507.554845 sending message 112 to peer 0x158028000 (12 bytes)
1723392507.554852 sending message 112 to peer 0x158028000 (8 bytes)
1723392507.554859 sending message 112 to peer 0x158028000 (8 bytes)
1723392507.554865 sending message 112 to peer 0x158028000 (13 bytes)
1723392507.554873 sending message 112 to peer 0x158028000 (7 bytes)
1723392507.554880 sending message 112 to peer 0x158028000 (7 bytes)
1723392507.554888 sending message 112 to peer 0x158028000 (9 bytes)
1723392507.554895 sending message 112 to peer 0x158028000 (9 bytes)
1723392507.554902 sending message 112 to peer 0x158028000 (15 bytes)
1723392507.554910 sending message 112 to peer 0x158028000 (13 bytes)
1723392507.554917 sending message 112 to peer 0x158028000 (12 bytes)
1723392507.554924 sending message 112 to peer 0x158028000 (8 bytes)
1723392507.554931 sending message 112 to peer 0x158028000 (14 bytes)
1723392507.554939 sending message 112 to peer 0x158028000 (11 bytes)
1723392507.554945 sending message 112 to peer 0x158028000 (9 bytes)
1723392507.554953 sending message 112 to peer 0x158028000 (10 bytes)
1723392507.554960 sending message 112 to peer 0x158028000 (10 bytes)
1723392507.554968 sending message 112 to peer 0x158028000 (10 bytes)
1723392507.554975 sending message 112 to peer 0x158028000 (10 bytes)
1723392507.555008 sending message 112 to peer 0x158028000 (11 bytes)
1723392507.555014 sending message 112 to peer 0x158028000 (12 bytes)
1723392507.555019 sending message 112 to peer 0x158028000 (12 bytes)
1723392507.555024 sending message 112 to peer 0x158028000 (12 bytes)
1723392507.555030 sending message 112 to peer 0x158028000 (12 bytes)
1723392507.555035 sending message 112 to peer 0x158028000 (12 bytes)
1723392507.555041 sending message 112 to peer 0x158028000 (11 bytes)
1723392507.555046 sending message 112 to peer 0x158028000 (11 bytes)
1723392507.555050 sending message 112 to peer 0x158028000 (12 bytes)
1723392507.555055 sending message 112 to peer 0x158028000 (12 bytes)
1723392507.555060 sending message 112 to peer 0x158028000 (12 bytes)
1723392507.555065 sending message 112 to peer 0x158028000 (12 bytes)
1723392507.555070 sending message 112 to peer 0x158028000 (12 bytes)
1723392507.555075 sending message 112 to peer 0x158028000 (9 bytes)
1723392507.555080 sending message 112 to peer 0x158028000 (12 bytes)
1723392507.555085 sending message 112 to peer 0x158028000 (13 bytes)
1723392507.555090 sending message 112 to peer 0x158028000 (13 bytes)
1723392507.555095 sending message 112 to peer 0x158028000 (13 bytes)
1723392507.555100 sending message 112 to peer 0x158028000 (13 bytes)
1723392507.555105 sending message 112 to peer 0x158028000 (13 bytes)
1723392507.555110 sending message 112 to peer 0x158028000 (8 bytes)
1723392507.555114 sending message 112 to peer 0x158028000 (11 bytes)
1723392507.555120 sending message 112 to peer 0x158028000 (11 bytes)
1723392507.555124 sending message 112 to peer 0x158028000 (11 bytes)
1723392507.555129 sending message 112 to peer 0x158028000 (12 bytes)
1723392507.555134 sending message 112 to peer 0x158028000 (12 bytes)
1723392507.555139 sending message 112 to peer 0x158028000 (12 bytes)
1723392507.555143 sending message 112 to peer 0x158028000 (12 bytes)
1723392507.555148 sending message 112 to peer 0x158028000 (13 bytes)
1723392507.555153 sending message 112 to peer 0x158028000 (13 bytes)
1723392507.555158 sending message 112 to peer 0x158028000 (13 bytes)
1723392507.555163 sending message 112 to peer 0x158028000 (8 bytes)
1723392507.555168 sending message 112 to peer 0x158028000 (13 bytes)
1723392507.555173 sending message 112 to peer 0x158028000 (13 bytes)
1723392507.555178 sending message 112 to peer 0x158028000 (13 bytes)
1723392507.555183 sending message 112 to peer 0x158028000 (13 bytes)
1723392507.555187 sending message 112 to peer 0x158028000 (13 bytes)
1723392507.555192 sending message 112 to peer 0x158028000 (12 bytes)
1723392507.555198 sending message 112 to peer 0x158028000 (12 bytes)
1723392507.555202 sending message 112 to peer 0x158028000 (12 bytes)
1723392507.555207 sending message 112 to peer 0x158028000 (12 bytes)
1723392507.555212 sending message 112 to peer 0x158028000 (13 bytes)
1723392507.555217 sending message 112 to peer 0x158028000 (8 bytes)
1723392507.555222 sending message 112 to peer 0x158028000 (13 bytes)
1723392507.555227 sending message 112 to peer 0x158028000 (13 bytes)
1723392507.555231 sending message 112 to peer 0x158028000 (13 bytes)
1723392507.555237 sending message 112 to peer 0x158028000 (13 bytes)
1723392507.555242 sending message 112 to peer 0x158028000 (13 bytes)
1723392507.555246 sending message 112 to peer 0x158028000 (13 bytes)
1723392507.555251 sending message 112 to peer 0x158028000 (13 bytes)
1723392507.555256 sending message 112 to peer 0x158028000 (12 bytes)
1723392507.555261 sending message 112 to peer 0x158028000 (12 bytes)
1723392507.555266 sending message 112 to peer 0x158028000 (12 bytes)
1723392507.555270 sending message 112 to peer 0x158028000 (8 bytes)
1723392507.555276 sending message 112 to peer 0x158028000 (12 bytes)
1723392507.555280 sending message 112 to peer 0x158028000 (13 bytes)
1723392507.555285 sending message 112 to peer 0x158028000 (13 bytes)
1723392507.555290 sending message 112 to peer 0x158028000 (13 bytes)
1723392507.555295 sending message 112 to peer 0x158028000 (13 bytes)
1723392507.555310 sending message 112 to peer 0x158028000 (13 bytes)
1723392507.555315 sending message 112 to peer 0x158028000 (13 bytes)
1723392507.555320 sending message 112 to peer 0x158028000 (13 bytes)
1723392507.555325 sending message 112 to peer 0x158028000 (13 bytes)
1723392507.555330 sending message 112 to peer 0x158028000 (12 bytes)
1723392507.555335 sending message 112 to peer 0x158028000 (10 bytes)
1723392507.555340 sending message 112 to peer 0x158028000 (12 bytes)
1723392507.555345 sending message 112 to peer 0x158028000 (12 bytes)
1723392507.555350 sending message 112 to peer 0x158028000 (12 bytes)
1723392507.555354 sending message 112 to peer 0x158028000 (13 bytes)
1723392507.555359 sending message 112 to peer 0x158028000 (13 bytes)
1723392507.555364 sending message 112 to peer 0x158028000 (13 bytes)
1723392507.555369 sending message 112 to peer 0x158028000 (13 bytes)
1723392507.555373 sending message 112 to peer 0x158028000 (13 bytes)
1723392507.555378 sending message 112 to peer 0x158028000 (13 bytes)
1723392507.555383 sending message 112 to peer 0x158028000 (13 bytes)
1723392507.555387 sending message 112 to peer 0x158028000 (10 bytes)
1723392507.555392 sending message 112 to peer 0x158028000 (13 bytes)
1723392507.555396 sending message 112 to peer 0x158028000 (12 bytes)
1723392507.555402 sending message 112 to peer 0x158028000 (12 bytes)
1723392507.555406 sending message 112 to peer 0x158028000 (12 bytes)
1723392507.555411 sending message 112 to peer 0x158028000 (10 bytes)
1723392507.555415 sending message 112 to peer 0x158028000 (10 bytes)
1723392507.555420 sending message 112 to peer 0x158028000 (10 bytes)
1723392507.555425 sending message 112 to peer 0x158028000 (12 bytes)
1723392507.555430 sending message 112 to peer 0x158028000 (13 bytes)
1723392507.555434 sending message 112 to peer 0x158028000 (13 bytes)
1723392507.555439 sending message 112 to peer 0x158028000 (13 bytes)
1723392507.555444 sending message 112 to peer 0x158028000 (13 bytes)
1723392507.555448 sending message 112 to peer 0x158028000 (13 bytes)
1723392507.555453 sending message 112 to peer 0x158028000 (10 bytes)
1723392507.555458 sending message 112 to peer 0x158028000 (11 bytes)
1723392507.555463 sending message 112 to peer 0x158028000 (12 bytes)
1723392507.555467 sending message 112 to peer 0x158028000 (12 bytes)
1723392507.555472 sending message 112 to peer 0x158028000 (12 bytes)
1723392507.555477 sending message 112 to peer 0x158028000 (12 bytes)
1723392507.555482 sending message 112 to peer 0x158028000 (12 bytes)
1723392507.555486 sending message 112 to peer 0x158028000 (11 bytes)
1723392507.555491 sending message 112 to peer 0x158028000 (12 bytes)
1723392507.555496 sending message 112 to peer 0x158028000 (12 bytes)
1723392507.555500 sending message 112 to peer 0x158028000 (13 bytes)
1723392507.555505 sending message 112 to peer 0x158028000 (13 bytes)
1723392507.555510 sending message 112 to peer 0x158028000 (13 bytes)
1723392507.555515 sending message 112 to peer 0x158028000 (13 bytes)
1723392507.555519 sending message 112 to peer 0x158028000 (13 bytes)
1723392507.555525 sending message 112 to peer 0x158028000 (10 bytes)
1723392507.555529 sending message 112 to peer 0x158028000 (9 bytes)
1723392507.555534 sending message 112 to peer 0x158028000 (12 bytes)
1723392507.555539 sending message 112 to peer 0x158028000 (13 bytes)
1723392507.555544 sending message 112 to peer 0x158028000 (13 bytes)
1723392507.555548 sending message 112 to peer 0x158028000 (13 bytes)
1723392507.555553 sending message 112 to peer 0x158028000 (13 bytes)
1723392507.555557 sending message 112 to peer 0x158028000 (13 bytes)
1723392507.555562 sending message 112 to peer 0x158028000 (9 bytes)
1723392507.555567 sending message 112 to peer 0x158028000 (12 bytes)
1723392507.555572 sending message 112 to peer 0x158028000 (13 bytes)
1723392507.555576 sending message 112 to peer 0x158028000 (13 bytes)
1723392507.555582 sending message 112 to peer 0x158028000 (13 bytes)
1723392507.555586 sending message 112 to peer 0x158028000 (13 bytes)
1723392507.555592 sending message 112 to peer 0x158028000 (13 bytes)
1723392507.555604 sending message 112 to peer 0x158028000 (11 bytes)
1723392507.555609 sending message 112 to peer 0x158028000 (12 bytes)
1723392507.555614 sending message 112 to peer 0x158028000 (13 bytes)
1723392507.555620 sending message 112 to peer 0x158028000 (13 bytes)
1723392507.555624 sending message 112 to peer 0x158028000 (13 bytes)
1723392507.555629 sending message 112 to peer 0x158028000 (13 bytes)
1723392507.555634 sending message 112 to peer 0x158028000 (13 bytes)
1723392507.555639 sending message 112 to peer 0x158028000 (11 bytes)
1723392507.555644 sending message 112 to peer 0x158028000 (12 bytes)
1723392507.555649 sending message 112 to peer 0x158028000 (12 bytes)
1723392507.555654 sending message 112 to peer 0x158028000 (12 bytes)
1723392507.555659 sending message 112 to peer 0x158028000 (12 bytes)
1723392507.555664 sending message 112 to peer 0x158028000 (12 bytes)
1723392507.555668 sending message 112 to peer 0x158028000 (21 bytes)
1723392507.555673 sending message 112 to peer 0x158028000 (12 bytes)
1723392507.555678 sending message 112 to peer 0x158028000 (9 bytes)
1723392507.555683 sending message 112 to peer 0x158028000 (6 bytes)
1723392507.555688 sending message 112 to peer 0x158028000 (13 bytes)
1723392507.555692 sending message 112 to peer 0x158028000 (10 bytes)
1723392507.555697 sending message 112 to peer 0x158028000 (24 bytes)
1723392507.555702 sending message 112 to peer 0x158028000 (13 bytes)
1723392507.555707 sending message 112 to peer 0x158028000 (9 bytes)
1723392507.555712 sending message 112 to peer 0x158028000 (70 bytes)
1723392507.555717 sending message 112 to peer 0x158028000 (69 bytes)
1723392507.555721 sending message 112 to peer 0x158028000 (12 bytes)
1723392507.555726 sending message 112 to peer 0x158028000 (10 bytes)
1723392507.555730 sending message 112 to peer 0x158028000 (10 bytes)
1723392507.555736 sending message 112 to peer 0x158028000 (24 bytes)
1723392507.555740 sending message 112 to peer 0x158028000 (13 bytes)
1723392507.555746 sending message 112 to peer 0x158028000 (10 bytes)
1723392507.555751 sending message 112 to peer 0x158028000 (10 bytes)
1723392507.555755 sending message 112 to peer 0x158028000 (10 bytes)
1723392507.555761 sending message 112 to peer 0x158028000 (13 bytes)
1723392507.555766 sending message 112 to peer 0x158028000 (15 bytes)
1723392507.555770 sending message 112 to peer 0x158028000 (5 bytes)
1723392507.555780 sending message 104 to peer 0x158028000 (0 bytes)
1723392507.555785 sending message 110 to peer 0x158028000 (0 bytes)
1723392507.555791 sending message 107 to peer 0x158028000 (4 bytes)
1723392507.555796 sending message 105 to peer 0x158028000 (63 bytes)
1723392507.555801 sending message 105 to peer 0x158028000 (19 bytes)
1723392507.555805 sending message 105 to peer 0x158028000 (32 bytes)
1723392507.555810 sending message 105 to peer 0x158028000 (20 bytes)
1723392507.555815 sending message 105 to peer 0x158028000 (22 bytes)
1723392507.555820 sending message 105 to peer 0x158028000 (12 bytes)
1723392507.555825 sending message 105 to peer 0x158028000 (59 bytes)
1723392507.555830 sending message 105 to peer 0x158028000 (15 bytes)
1723392507.555834 sending message 105 to peer 0x158028000 (27 bytes)
1723392507.555839 sending message 105 to peer 0x158028000 (55 bytes)
1723392507.555844 sending message 105 to peer 0x158028000 (18 bytes)
1723392507.555849 sending message 105 to peer 0x158028000 (86 bytes)
1723392507.555853 sending message 105 to peer 0x158028000 (45 bytes)
1723392507.555858 sending message 105 to peer 0x158028000 (26 bytes)
1723392507.555863 sending message 105 to peer 0x158028000 (32 bytes)
1723392507.555868 sending message 105 to peer 0x158028000 (54 bytes)
1723392507.555873 sending message 105 to peer 0x158028000 (20 bytes)
1723392507.555877 sending message 105 to peer 0x158028000 (37 bytes)
1723392507.555882 sending message 105 to peer 0x158028000 (30 bytes)
1723392507.555887 sending message 105 to peer 0x158028000 (34 bytes)
1723392507.555891 sending message 105 to peer 0x158028000 (60 bytes)
1723392507.555907 sending message 105 to peer 0x158028000 (72 bytes)
1723392507.555912 sending message 105 to peer 0x158028000 (16 bytes)
1723392507.555917 sending message 105 to peer 0x158028000 (60 bytes)
1723392507.555921 sending message 105 to peer 0x158028000 (18 bytes)
1723392507.555926 sending message 105 to peer 0x158028000 (17 bytes)
1723392507.555931 sending message 105 to peer 0x158028000 (8 bytes)
1723392507.555936 sending message 105 to peer 0x158028000 (16 bytes)
1723392507.555941 sending message 105 to peer 0x158028000 (32 bytes)
1723392507.555945 sending message 105 to peer 0x158028000 (96 bytes)
1723392507.555950 sending message 105 to peer 0x158028000 (141 bytes)
1723392507.555955 sending message 105 to peer 0x158028000 (22 bytes)
1723392507.555960 sending message 105 to peer 0x158028000 (11 bytes)
1723392507.555965 sending message 105 to peer 0x158028000 (701 bytes)
1723392507.555970 sending message 105 to peer 0x158028000 (32 bytes)
1723392507.555975 sending message 105 to peer 0x158028000 (15 bytes)
1723392507.555985 sending message 105 to peer 0x158028000 (8 bytes)
1723392507.555991 sending message 105 to peer 0x158028000 (66 bytes)
1723392507.555996 sending message 105 to peer 0x158028000 (38 bytes)
1723392507.556000 sending message 105 to peer 0x158028000 (19 bytes)
1723392507.556005 sending message 105 to peer 0x158028000 (20 bytes)
1723392507.556010 sending message 105 to peer 0x158028000 (20 bytes)
1723392507.556014 sending message 105 to peer 0x158028000 (67 bytes)
1723392507.556019 sending message 105 to peer 0x158028000 (18 bytes)
1723392507.556024 sending message 105 to peer 0x158028000 (25 bytes)
1723392507.556028 sending message 105 to peer 0x158028000 (57 bytes)
1723392507.556033 sending message 105 to peer 0x158028000 (49 bytes)
1723392507.556038 sending message 105 to peer 0x158028000 (13 bytes)
1723392507.556042 sending message 105 to peer 0x158028000 (42 bytes)
1723392507.556047 sending message 105 to peer 0x158028000 (13 bytes)
1723392507.556051 sending message 105 to peer 0x158028000 (15 bytes)
1723392507.556056 sending message 105 to peer 0x158028000 (14 bytes)
1723392507.556061 sending message 105 to peer 0x158028000 (19 bytes)
1723392507.556065 sending message 105 to peer 0x158028000 (30 bytes)
1723392507.556070 sending message 105 to peer 0x158028000 (42 bytes)
1723392507.556075 sending message 105 to peer 0x158028000 (30 bytes)
1723392507.556079 sending message 105 to peer 0x158028000 (78 bytes)
1723392507.556084 sending message 105 to peer 0x158028000 (42 bytes)
1723392507.556089 sending message 105 to peer 0x158028000 (43 bytes)
1723392507.556093 sending message 105 to peer 0x158028000 (105 bytes)
1723392507.556098 sending message 105 to peer 0x158028000 (25 bytes)
1723392507.556103 sending message 106 to peer 0x158028000 (0 bytes)
1723392507.556214 sending message 200 to peer 0x158028000 (4 bytes)
1723392507.556222 client loop enter
1723392507.556528 peer 0x158028000 message 303
1723392507.556537 open write file 2 -
1723392507.556559 sending message 305 to peer 0x158028000 (8 bytes)
1723392507.556576 write check file 2
1723392507.556599 peer 0x158028000 message 304
1723392507.556604 write 58 to file 2
1723392507.556611 peer 0x158028000 message 203
1723392507.556616 file 2 58 bytes left
1723392507.556636 write check file 2
1723392507.556641 client loop exit
